<?xml version="1.0" encoding="UTF-8"?>
<!-- Generated by org.testng.reporters.JUnitReportReporter -->
<testsuite hostname="NODLTP52034643" failures="0" tests="1" name="MyTest.TestDemo" time="0.583" errors="0" timestamp="2021-05-05T19:57:46 IST" skipped="0">
  <testcase classname="MyTest.TestDemo" name="check" time="0.583"/>
  <system-out/>
</testsuite> <!-- MyTest.TestDemo -->
