<?xml version="1.0" encoding="UTF-8"?>
<!-- Generated by org.testng.reporters.JUnitReportReporter -->
<testsuite hostname="NODLTP52034643" failures="0" tests="1" name="MyTest.Login" time="10.328" errors="0" timestamp="2021-05-04T21:43:03 IST" skipped="0">
  <testcase classname="MyTest.Login" name="loginlogoutAction" time="10.328"/>
  <system-out/>
</testsuite> <!-- MyTest.Login -->
