<?xml version="1.0" encoding="UTF-8"?>
<!-- Generated by org.testng.reporters.JUnitReportReporter -->
<testsuite hostname="NODLTP52034643" failures="0" tests="1" name="MyTest.MyLogin" time="8.357" errors="0" timestamp="2021-05-04T21:57:40 IST" skipped="0">
  <testcase classname="MyTest.MyLogin" name="loginlogoutAction" time="8.357"/>
  <system-out/>
</testsuite> <!-- MyTest.MyLogin -->
