<?xml version="1.0" encoding="UTF-8"?>
<!-- Generated by org.testng.reporters.JUnitReportReporter -->
<testsuite hostname="NODLTP52034643" failures="0" tests="1" name="MyTest.VerifyLandingPage" time="10.902" errors="0" timestamp="2021-05-07T00:23:45 IST" skipped="0">
  <testcase classname="MyTest.VerifyLandingPage" name="verifyHomePage" time="10.902"/>
  <system-out/>
</testsuite> <!-- MyTest.VerifyLandingPage -->
