<?xml version="1.0" encoding="UTF-8"?>
<!-- Generated by org.testng.reporters.JUnitReportReporter -->
<testsuite skipped="0" hostname="NODLTP52034643" name="MyTest.VerifyLandingPage" tests="1" failures="0" timestamp="2021-05-07T18:10:34 IST" time="11.430" errors="0">
  <testcase name="verifyHomePage" time="11.430" classname="MyTest.VerifyLandingPage"/>
  <system-out/>
</testsuite> <!-- MyTest.VerifyLandingPage -->
